C51 COMPILER V9.60.7.0   PRIORITY                                                          04/03/2023 15:59:00 PAGE 1   


C51 COMPILER V9.60.7.0, COMPILATION OF MODULE PRIORITY
OBJECT MODULE PLACED IN .\Objects\priority.obj
COMPILER INVOKED BY: D:\KeilC\C51\BIN\C51.EXE priority.c RTX51 OPTIMIZE(8,SPEED) BROWSE DEBUG OBJECTEXTEND PRINT(.\Listi
                    -ngs\priority.lst) TABS(2) OBJECT(.\Objects\priority.obj)

line level    source

*** WARNING C500 IN LINE 1 OF priority.c: INCORRECT LICENSE ID CODE (LIC) IN 'TOOLS.INI'
   1          #include<stdio.h>
   2          
   3          
   4          int check_press(int floor, int floor_stat[]){
   5   1        if(floor_stat[floor] == 1){
   6   2          return 1;
   7   2        }
   8   1        return 0;
   9   1      }
  10          int prio_floor(int floor, int floor_stat[]){
  11   1      }
*** WARNING C280 IN LINE 10 OF priority.c: 'floor': unreferenced local variable
*** WARNING C280 IN LINE 10 OF priority.c: 'floor_stat': unreferenced local variable
*** WARNING C290 IN LINE 11 OF priority.c: missing return value


MODULE INFORMATION:   STATIC OVERLAYABLE
   CODE SIZE        =     38    ----
   CONSTANT SIZE    =   ----    ----
   XDATA SIZE       =   ----    ----
   PDATA SIZE       =   ----    ----
   DATA SIZE        =   ----       5
   IDATA SIZE       =   ----    ----
   BIT SIZE         =   ----    ----
END OF MODULE INFORMATION.


C51 COMPILATION COMPLETE.  4 WARNING(S),  0 ERROR(S)
