C51 COMPILER V9.60.7.0   TIMER                                                             04/13/2023 12:33:27 PAGE 1   


C51 COMPILER V9.60.7.0, COMPILATION OF MODULE TIMER
OBJECT MODULE PLACED IN .\Objects\timer.obj
COMPILER INVOKED BY: D:\KeilC\C51\BIN\C51.EXE timer.c RTX51 OPTIMIZE(8,SPEED) BROWSE DEBUG OBJECTEXTEND PRINT(.\Listings
                    -\timer.lst) TABS(2) OBJECT(.\Objects\timer.obj)

line level    source

*** WARNING C500 IN LINE 1 OF timer.c: INCORRECT LICENSE ID CODE (LIC) IN 'TOOLS.INI'
   1          #include<REGX52.H>
   2          #include<stdio.h>
   3          void delay_ms(unsigned int value){
   4   1        while(value > 0)
   5   1        {
   6   2          TMOD = 0x01;
   7   2          TH0 = 0xFC;
   8   2          TL0 = 0x18;
   9   2          TR0 = 1;
  10   2          while(!TF0);
  11   2          TF0 = 0;
  12   2          TR0 = 0;
  13   2          value--;
  14   2        }
  15   1      }


MODULE INFORMATION:   STATIC OVERLAYABLE
   CODE SIZE        =     35    ----
   CONSTANT SIZE    =   ----    ----
   XDATA SIZE       =   ----    ----
   PDATA SIZE       =   ----    ----
   DATA SIZE        =   ----    ----
   IDATA SIZE       =   ----    ----
   BIT SIZE         =   ----    ----
END OF MODULE INFORMATION.


C51 COMPILATION COMPLETE.  1 WARNING(S),  0 ERROR(S)
